Using pre-set license
Built from '2020.3/release' branch; Version is '2020.3.2f1 (8fd9074bf66c) revision 9427207'; Using compiler version '192528614'; Build Type 'Release'
OS: 'Windows 10 Home; OS build 19043.1288; Version 2009; 64bit' Language: 'en' Physical Memory: 16281 MB
BatchMode: 1, IsHumanControllingUs: 0, StartBugReporterOnCrash: 0, Is64bit: 1, IsPro: 0

 COMMAND LINE ARGUMENTS:
C:\Program Files\Unity\Hub\Editor\2020.3.2f1\Editor\Unity.exe
-adb2
-batchMode
-noUpm
-name
AssetImportWorker0
-projectPath
C:/Users/Y'shua/Documents/GitHub/UnityGames/New Unity Project
-logFile
Logs/AssetImportWorker0.log
-srvPort
49660
Successfully changed project path to: C:/Users/Y'shua/Documents/GitHub/UnityGames/New Unity Project
C:/Users/Y'shua/Documents/GitHub/UnityGames/New Unity Project
Using Asset Import Pipeline V2.
Refreshing native plugins compatible for Editor in 25.95 ms, found 0 plugins.
Preloading 0 native plugins for Editor in 0.00 ms.
Initialize engine version: 2020.3.2f1 (8fd9074bf66c)
[Subsystems] Discovering subsystems at path C:/Program Files/Unity/Hub/Editor/2020.3.2f1/Editor/Data/Resources/UnitySubsystems
[Subsystems] Discovering subsystems at path C:/Users/Y'shua/Documents/GitHub/UnityGames/New Unity Project/Assets
GfxDevice: creating device client; threaded=0
Direct3D:
    Version:  Direct3D 11.0 [level 11.1]
    Renderer: Radeon Pro 560 (ID=0x67ef)
    Vendor:   
    VRAM:     4040 MB
    Driver:   27.20.21003.8013
Initialize mono
Mono path[0] = 'C:/Program Files/Unity/Hub/Editor/2020.3.2f1/Editor/Data/Managed'
Mono path[1] = 'C:/Program Files/Unity/Hub/Editor/2020.3.2f1/Editor/Data/MonoBleedingEdge/lib/mono/unityjit'
Mono config path = 'C:/Program Files/Unity/Hub/Editor/2020.3.2f1/Editor/Data/MonoBleedingEdge/etc'
Using monoOptions --debugger-agent=transport=dt_socket,embedding=1,server=y,suspend=n,address=127.0.0.1:56320
Begin MonoManager ReloadAssembly
Registering precompiled unity dll's ...
Register platform support module: C:/Program Files/Unity/Hub/Editor/2020.3.2f1/Editor/Data/PlaybackEngines/WindowsStandaloneSupport/UnityEditor.WindowsStandalone.Extensions.dll
Registered in 0.002480 seconds.
Native extension for WindowsStandalone target not found
Refreshing native plugins compatible for Editor in 24.30 ms, found 0 plugins.
Preloading 0 native plugins for Editor in 0.00 ms.
Invoked RoslynAnalysisRunner static constructor.
RoslynAnalysisRunner will not be running.
RoslynAnalysisRunner has terminated.
Mono: successfully reloaded assembly
- Completed reload, in  1.130 seconds
Platform modules already initialized, skipping
Registering precompiled user dll's ...
Registered in 0.000755 seconds.
Begin MonoManager ReloadAssembly
Native extension for WindowsStandalone target not found
Refreshing native plugins compatible for Editor in 0.23 ms, found 0 plugins.
Preloading 0 native plugins for Editor in 0.00 ms.
Invoked RoslynAnalysisRunner static constructor.
RoslynAnalysisRunner will not be running.
RoslynAnalysisRunner has terminated.
Mono: successfully reloaded assembly
- Completed reload, in  0.890 seconds
Platform modules already initialized, skipping
========================================================================
Worker process is ready to serve import requests
Launched and connected shader compiler UnityShaderCompiler.exe after 0.05 seconds
Refreshing native plugins compatible for Editor in 0.21 ms, found 0 plugins.
Preloading 0 native plugins for Editor in 0.00 ms.
Unloading 1115 Unused Serialized files (Serialized files now loaded: 0)
System memory in use before: 57.1 MB.
System memory in use after: 57.1 MB.

Unloading 10 unused Assets to reduce memory usage. Loaded Objects now: 1557.
Total: 2.133800 ms (FindLiveObjects: 0.144000 ms CreateObjectMapping: 0.048800 ms MarkObjects: 1.843200 ms  DeleteObjects: 0.096800 ms)

========================================================================
Received Import Request.
  path: Assets/Scenes
  artifactKey: Guid(d2a2e095e034f214d84ba0af269a2a1a) Importer(815301076,1909f56bfc062723c751e8b465ee728b)
Start importing Assets/Scenes using Guid(d2a2e095e034f214d84ba0af269a2a1a) Importer(815301076,1909f56bfc062723c751e8b465ee728b)  -> (artifact id: '51e17e30ead386f8807af6f338078382') in 0.009740 seconds
  Import took 0.011516 seconds .

========================================================================
Received Import Request.
  Time since last request: 2.100568 seconds.
  path: Assets/Scenes/YS-Game.unity
  artifactKey: Guid(8169a8f0f28f4ba49a513b315f50dc0a) Importer(815301076,1909f56bfc062723c751e8b465ee728b)
Start importing Assets/Scenes/YS-Game.unity using Guid(8169a8f0f28f4ba49a513b315f50dc0a) Importer(815301076,1909f56bfc062723c751e8b465ee728b)  -> (artifact id: 'cd6f6a96f2d4c9cdbcf9a3588f474e70') in 0.014632 seconds
  Import took 0.016520 seconds .

AssetImportWorkerClient::OnTransportError - code=2 error=End of file
